Quick-Cocos2dx-Community C++ support ready.

------------------------------------------------

LOAD LUA FILE: D:/projects/myChess/src/main.lua

------------------------------------------------

[LUA-print] ===========================================================

[LUA-print]               LOAD QUICK FRAMEWORK

[LUA-print] ===========================================================

[LUA-print] [INFO] 

[LUA-print] [INFO] # DEBUG                        = 1

[LUA-print] [INFO] #

[LUA-print] [INFO] # device.platform              = windows

[LUA-print] [INFO] # device.model                 = unknown

[LUA-print] [INFO] # device.language              = cn

[LUA-print] [INFO] # device.writablePath          = D:\projects\myChess\

[LUA-print] [INFO] # device.directorySeparator    = \

[LUA-print] [INFO] # device.pathSeparator         = ;

[LUA-print] [INFO] #

[LUA-print] [INFO] # CONFIG_SCREEN_AUTOSCALE      = FIXED_WIDTH

[LUA-print] [INFO] # CONFIG_SCREEN_WIDTH          = 640.00

[LUA-print] [INFO] # CONFIG_SCREEN_HEIGHT         = 1137.78

[LUA-print] [INFO] # display.widthInPixels        = 720.00

[LUA-print] [INFO] # display.heightInPixels       = 1280.00

[LUA-print] [INFO] # display.contentScaleFactor   = 1.13

[LUA-print] [INFO] # display.width                = 640.00

[LUA-print] [INFO] # display.height               = 1137.78

[LUA-print] [INFO] # display.cx                   = 320.00

[LUA-print] [INFO] # display.cy                   = 568.89

[LUA-print] [INFO] # display.left                 = 0.00

[LUA-print] [INFO] # display.right                = 640.00

[LUA-print] [INFO] # display.top                  = 1137.78

[LUA-print] [INFO] # display.bottom               = 0.00

[LUA-print] [INFO] # display.c_left               = -320.00

[LUA-print] [INFO] # display.c_right              = 320.00

[LUA-print] [INFO] # display.c_top                = 568.89

[LUA-print] [INFO] # display.c_bottom             = -568.89

[LUA-print] [INFO] #

[LUA-print] data.eatChessId:	264

[LUA-print] data.eatChessId:	nil

[LUA-print] data.eatChessId:	nil

[LUA-print] data.eatChessId:	nil

[LUA-print] data.eatChessId:	nil

[LUA-print] data.eatChessId:	nil

[LUA-print] data.eatChessId:	nil

[LUA-print] data.eatChessId:	nil

[LUA-print] data.eatChessId:	nil

[LUA-print] data.eatChessId:	nil

[LUA-print] data.eatChessId:	nil

[LUA-print] data.eatChessId:	nil

[LUA-print] data.eatChessId:	nil

[LUA-print] data.eatChessId:	nil

[LUA-print] data.eatChessId:	nil

[LUA-print] data.eatChessId:	nil

[LUA-print] data.eatChessId:	271

[LUA-print] data.eatChessId:	nil

[LUA-print] data.eatChessId:	nil

[LUA-print] data.eatChessId:	nil

[LUA-print] data.eatChessId:	nil

[LUA-print] data.eatChessId:	nil

[LUA-print] data.eatChessId:	nil

[LUA-print] data.eatChessId:	nil

[LUA-print] data.eatChessId:	nil

[LUA-print] data.eatChessId:	nil

[LUA-print] data.eatChessId:	nil

[LUA-print] data.eatChessId:	nil

[LUA-print] data.eatChessId:	nil

[LUA-print] data.eatChessId:	nil

[LUA-print] data.eatChessId:	nil

[LUA-print] data.eatChessId:	nil

[LUA-print] data.eatChessId:	267

[LUA-print] data.eatChessId:	nil

[LUA-print] data.eatChessId:	270

[LUA-print] data.eatChessId:	nil

[LUA-print] data.eatChessId:	269

[LUA-print] data.eatChessId:	nil

[LUA-print] data.eatChessId:	266

[LUA-print] data.eatChessId:	nil

[LUA-print] data.eatChessId:	268

[LUA-print] data.eatChessId:	nil

[LUA-print] data.eatChessId:	258

[LUA-print] data.eatChessId:	nil

[LUA-print] data.eatChessId:	263

[LUA-print] data.eatChessId:	nil

[LUA-print] data.eatChessId:	261

[LUA-print] data.eatChessId:	nil

[LUA-print] data.eatChessId:	262

[LUA-print] data.eatChessId:	nil

[LUA-print] data.eatChessId:	257

[LUA-print] data.eatChessId:	nil

[LUA-print] data.eatChessId:	nil

[LUA-print] data.eatChessId:	nil

[LUA-print] data.eatChessId:	272

[LUA-print] data.eatChessId:	nil

[LUA-print] data.eatChessId:	nil

[LUA-print] data.eatChessId:	nil

[LUA-print] data.eatChessId:	259

[LUA-print] data.eatChessId:	nil

[LUA-print] data.eatChessId:	265

[LUA-print] data.eatChessId:	nil

[LUA-print] data.eatChessId:	nil

[LUA-print] data.eatChessId:	nil

[LUA-print] data.eatChessId:	nil

[LUA-print] data.eatChessId:	nil

[LUA-print] data.eatChessId:	nil

[LUA-print] data.eatChessId:	nil

[LUA-print] data.eatChessId:	nil

[LUA-print] data.eatChessId:	nil

[LUA-print] data.eatChessId:	260

[LUA-print] ----------------------------------------

[LUA-print] LUA ERROR: [string "D:/projects/myChess/src/app/utils/Robot.lua"]:23: attempt to index a nil value


[LUA-print] 
stack traceback:
	[string "D:/projects/myChess/src/app/utils/Robot.lua"]:23: in function 'getNextMoveData'
	[string "D:/projects/myChess/src/app/scenes/MainScene.lua"]:359: in function 'onNextMove'
	[string "D:/projects/myChess/src/app/scenes/MainScene.lua"]:340: in function 'sendNextMove'
	[string "D:/projects/myChess/src/app/scenes/MainScene.lua"]:331: in function <[string "D:/projects/myChess/src/app/scenes/MainScene.lua"]:324>

[LUA-print] ----------------------------------------

